C51 COMPILER V9.60.7.0   TASK_6                                                            03/18/2024 13:48:08 PAGE 1   


C51 COMPILER V9.60.7.0, COMPILATION OF MODULE TASK_6
OBJECT MODULE PLACED IN .\Objects\task 6.obj
COMPILER INVOKED BY: C:\Keil_v5\C51\BIN\C51.EXE task 6.c OPTIMIZE(8,SPEED) BROWSE DEBUG OBJECTEXTEND PRINT(.\Listings\ta
                    -sk 6.lst) TABS(2) OBJECT(.\Objects\task 6.obj)

line level    source

   1          #include <reg51.h>
   2          
   3          sbit led = P2^0;
   4          
   5          void MSDelay(unsigned int);
   6          
   7          void external_int0() interrupt 0
   8          {
   9   1          led = ~led;
  10   1          MSDelay(250);
  11   1      }
  12          
  13          void main()
  14          {
  15   1          IE = 0x81;
  16   1          while(1) {} // Infinite loop to keep the program running
  17   1      }
  18          
  19          void MSDelay(unsigned int itime) {
  20   1          unsigned int i, j;
  21   1          for(i = 0; i < itime; i++) {
  22   2              for(j = 0; j < 114; j++);
  23   2          }
  24   1      }


MODULE INFORMATION:   STATIC OVERLAYABLE
   CODE SIZE        =    102    ----
   CONSTANT SIZE    =   ----    ----
   XDATA SIZE       =   ----    ----
   PDATA SIZE       =   ----    ----
   DATA SIZE        =   ----    ----
   IDATA SIZE       =   ----    ----
   BIT SIZE         =   ----    ----
END OF MODULE INFORMATION.


C51 COMPILATION COMPLETE.  0 WARNING(S),  0 ERROR(S)
