C51 COMPILER V9.60.7.0   TASK_12_3                                                         04/05/2024 13:58:17 PAGE 1   


C51 COMPILER V9.60.7.0, COMPILATION OF MODULE TASK_12_3
OBJECT MODULE PLACED IN .\Objects\Task 12_3.obj
COMPILER INVOKED BY: C:\Keil_v5\C51\BIN\C51.EXE Task 12_3.c OPTIMIZE(8,SPEED) BROWSE DEBUG OBJECTEXTEND PRINT(.\Listings
                    -\Task 12_3.lst) TABS(2) OBJECT(.\Objects\Task 12_3.obj)

line level    source

   1          #include <reg52.h>
   2          
   3          sbit p1 = P2^2;   // LED 1 connected to P2.2
   4          sbit p2 = P2^3;   // LED 2 connected to P2.3
   5          sbit p3 = P2^4;   // LED 3 connected to P2.4
   6          
   7          void delay(void); // Function prototype
   8          
   9          void main() {
  10   1          while (1) {
  11   2              p1 = 0;      // Turn on LED 1
  12   2              p2 = 0;      // Turn on LED 2
  13   2              p3 = 0;      // Turn off LED 3 
  14   2              delay();
  15   2                  
  16   2              p1 = 1;    
  17   2              p2 = 0;
  18   2              p3 = 0;
  19   2              delay();
  20   2                  
  21   2              p1 = 0;    
  22   2              p2 = 1;
  23   2              p3 = 0;
  24   2              delay();
  25   2      
  26   2              p1 = 1;    
  27   2              p2 = 1;
  28   2              p3 = 0;
  29   2              delay();
  30   2          
  31   2              p1 = 0;    
  32   2              p2 = 0;
  33   2              p3 = 1;            
  34   2              delay();
  35   2      
  36   2              p1 = 1;    
  37   2              p2 = 0;
  38   2              p3 = 1;    
  39   2              delay();
  40   2      
  41   2              p1 = 0;    
  42   2              p2 = 1;
  43   2              p3 = 1;    
  44   2              delay();
  45   2      
  46   2              p1 = 1;    
  47   2              p2 = 1;
  48   2              p3 = 1;
  49   2              delay();
  50   2      
  51   2          }
  52   1      }
  53          
  54          void delay(void) {
C51 COMPILER V9.60.7.0   TASK_12_3                                                         04/05/2024 13:58:17 PAGE 2   

  55   1          unsigned int x;
  56   1          for(x = 0; x < 10; x++) {
  57   2              TMOD =0x01;
  58   2              TL0 = 0xFD;
  59   2              TH0 = 0x4B;
  60   2              TR0 = 1;
  61   2              while (TF0 == 0); // Wait until timer overflow flag is set
  62   2              TF0 = 0; // Clear the overflow flag
  63   2              TR0 = 0; // Stop the timer
  64   2          }
  65   1      }
  66          
  67          
  68          


MODULE INFORMATION:   STATIC OVERLAYABLE
   CODE SIZE        =    107    ----
   CONSTANT SIZE    =   ----    ----
   XDATA SIZE       =   ----    ----
   PDATA SIZE       =   ----    ----
   DATA SIZE        =   ----    ----
   IDATA SIZE       =   ----    ----
   BIT SIZE         =   ----    ----
END OF MODULE INFORMATION.


C51 COMPILATION COMPLETE.  0 WARNING(S),  0 ERROR(S)
