C51 COMPILER V9.60.7.0   TASK_12_8                                                         11/06/2024 12:20:06 PAGE 1   


C51 COMPILER V9.60.7.0, COMPILATION OF MODULE TASK_12_8
OBJECT MODULE PLACED IN .\Objects\Task 12_8.obj
COMPILER INVOKED BY: C:\Keil_v5\C51\BIN\C51.EXE Task 12_8.c OPTIMIZE(8,SPEED) BROWSE DEBUG OBJECTEXTEND PRINT(.\Listings
                    -\Task 12_8.lst) TABS(2) OBJECT(.\Objects\Task 12_8.obj)

line level    source

   1          #include <stdio.h>
   2          #include <reg51.h>
   3          
   4          sbit SEG_PORT_1 = P2^2;  
   5          sbit SEG_PORT_2 = P2^3;
   6          sbit SEG_PORT_3 = P2^4;
   7          
   8          void T0M1Delay(void);
   9          
  10          unsigned int num_array[] = {4, 2, 3, 5, 4, 2, 4, 5}; 
  11          
  12          void display_num_7seg(unsigned int array[], int i)
  13            {
  14   1            
  15   1              if(array[i]==0)
  16   1                P0 = 0x3F;
  17   1              
  18   1              else if(array[i]==1)
  19   1                P0 = 0x06;
  20   1                  
  21   1              else if(array[i]==2)
  22   1                P0 = 0x5B;
  23   1              
  24   1              else if(array[i]==3)
  25   1                P0 = 0x4F;
  26   1              
  27   1              else if(array[i]==4)
  28   1                P0 = 0x66;
  29   1              
  30   1              else if(array[i]==5)
  31   1                P0 = 0x6D;
  32   1              
  33   1              else if(array[i]==6)
  34   1                P0 = 0x7D;
  35   1              
  36   1              else if(array[i]==7)
  37   1                P0 = 0x07;
  38   1              
  39   1              else if(array[i]==8)
  40   1                P0 = 0x7F;
  41   1              
  42   1              else if(array[i]==9)
  43   1                P0 = 0x6F;
  44   1      
  45   1        }
  46          
  47            
  48          void main(void)
  49            {
  50   1          SEG_PORT_1=1;
  51   1          SEG_PORT_2=1;
  52   1          SEG_PORT_3=1;
  53   1          display_num_7seg(num_array, 0);
  54   1          T0M1Delay();
C51 COMPILER V9.60.7.0   TASK_12_8                                                         11/06/2024 12:20:06 PAGE 2   

  55   1          
  56   1          SEG_PORT_1=0;
  57   1          SEG_PORT_2=1;
  58   1          SEG_PORT_3=1;
  59   1          display_num_7seg(num_array, 1);
  60   1          T0M1Delay();
  61   1          
  62   1          SEG_PORT_1=1;
  63   1          SEG_PORT_2=0;
  64   1          SEG_PORT_3=1;
  65   1          display_num_7seg(num_array, 2);
  66   1          T0M1Delay();
  67   1          
  68   1          SEG_PORT_1=0;
  69   1          SEG_PORT_2=0;
  70   1          SEG_PORT_3=1;
  71   1          display_num_7seg(num_array, 3);
  72   1          T0M1Delay();
  73   1          
  74   1          SEG_PORT_1=1;
  75   1          SEG_PORT_2=1;
  76   1          SEG_PORT_3=0;
  77   1          display_num_7seg(num_array, 4);
  78   1          T0M1Delay();
  79   1          
  80   1          SEG_PORT_1=0;
  81   1          SEG_PORT_2=1;
  82   1          SEG_PORT_3=0;
  83   1          display_num_7seg(num_array, 5);
  84   1          T0M1Delay();
  85   1          
  86   1          SEG_PORT_1=1;
  87   1          SEG_PORT_2=0;
  88   1          SEG_PORT_3=0;
  89   1          display_num_7seg(num_array, 6);
  90   1          T0M1Delay();
  91   1          
  92   1          SEG_PORT_1=0;
  93   1          SEG_PORT_2=0;
  94   1          SEG_PORT_3=0;
  95   1          display_num_7seg(num_array, 7);
  96   1          T0M1Delay();
  97   1        }
  98            
  99          
 100          
 101          void T0M1Delay(void)
 102            {
 103   1          unsigned int  x;
 104   1          for(x=0;x<20;x++)
 105   1            {
 106   2              TMOD=0x01;
 107   2              TL0=0xFD;
 108   2              TH0=0x4B;
 109   2              TR0=1;
 110   2              while (TF0==0);
 111   2              TR0=0;
 112   2              TF0=0;
 113   2            }
 114   1      }


C51 COMPILER V9.60.7.0   TASK_12_8                                                         11/06/2024 12:20:06 PAGE 3   

MODULE INFORMATION:   STATIC OVERLAYABLE
   CODE SIZE        =    290    ----
   CONSTANT SIZE    =   ----    ----
   XDATA SIZE       =   ----    ----
   PDATA SIZE       =   ----    ----
   DATA SIZE        =     16    ----
   IDATA SIZE       =   ----    ----
   BIT SIZE         =   ----    ----
END OF MODULE INFORMATION.


C51 COMPILATION COMPLETE.  0 WARNING(S),  0 ERROR(S)
