C51 COMPILER V9.60.7.0   TASK_12_7                                                         04/26/2024 14:33:09 PAGE 1   


C51 COMPILER V9.60.7.0, COMPILATION OF MODULE TASK_12_7
OBJECT MODULE PLACED IN .\Objects\Task 12_7.obj
COMPILER INVOKED BY: C:\Keil_v5\C51\BIN\C51.EXE Task 12_7.c OPTIMIZE(8,SPEED) BROWSE DEBUG OBJECTEXTEND PRINT(.\Listings
                    -\Task 12_7.lst) TABS(2) OBJECT(.\Objects\Task 12_7.obj)

line level    source

   1          #include <reg52.h>
   2          
   3          #define Port_0 P0
   4          
   5          sbit p1 = P2^2;   // LED 1 connected to P2.2
   6          sbit p2 = P2^3;   // LED 2 connected to P2.3
   7          sbit p3 = P2^4;   // LED 3 connected to P2.4
   8          
   9          void ms_delay(unsigned int delay_time) {
  10   1          unsigned int i, j;
  11   1          for (i = 0; i < delay_time; i++) {
  12   2              for (j = 0; j < 112; j++);   
  13   2          }
  14   1      }
  15          
  16          void main(void) {
  17   1      
  18   1      
  19   1          while (1) {
  20   2              p1 = 1;    // Turn off LED 1
  21   2              p2 = 1;    // Turn off LED 2
  22   2              p3 = 1;    // Turn off LED 3
  23   2              P0 = 0x06;
  24   2              ms_delay(700);  
  25   2      
  26   2              p1 = 0;    // Turn off LED 1
  27   2              p2 = 1;    // Turn off LED 2
  28   2              p3 = 1;    // Turn off LED 3       
  29   2              P0 = 0x5B;
  30   2              ms_delay(700);  
  31   2            
  32   2              p1 = 1;    // Turn off LED 1
  33   2              p2 = 0;    // Turn off LED 2
  34   2              p3 = 1;    // Turn off LED 3
  35   2              P0 = 0x4F;
  36   2              ms_delay(700);  
  37   2      
  38   2              p1 = 0;    // Turn off LED 1
  39   2              p2 = 0;    // Turn off LED 2
  40   2              p3 = 1;    // Turn off LED 3      
  41   2              P0 = 0x66;
  42   2              ms_delay(700);  
  43   2            
  44   2              p1 = 1;    // Turn off LED 1
  45   2              p2 = 1;    // Turn off LED 2
  46   2              p3 = 0;    // Turn off LED 3
  47   2              P0 = 0x6D;
  48   2              ms_delay(700); 
  49   2      
  50   2              p1 = 0;    // Turn off LED 1
  51   2              p2 = 1;    // Turn off LED 2
  52   2              p3 = 0;    // Turn off LED 3
  53   2              P0 = 0x7D;
  54   2              ms_delay(700);  
C51 COMPILER V9.60.7.0   TASK_12_7                                                         04/26/2024 14:33:09 PAGE 2   

  55   2            
  56   2              p1 = 1;    // Turn off LED 1
  57   2              p2 = 0;    // Turn off LED 2
  58   2              p3 = 0;    // Turn off LED 3
  59   2              P0 = 0x07;
  60   2              ms_delay(700); 
  61   2      
  62   2              p1 = 0;    // Turn off LED 1
  63   2              p2 = 0;    // Turn off LED 2
  64   2              p3 = 0;    // Turn off LED 3
  65   2              P0 = 0x7F;
  66   2              ms_delay(700); 
  67   2      
  68   2      
  69   2          }
  70   1      }


MODULE INFORMATION:   STATIC OVERLAYABLE
   CODE SIZE        =    134    ----
   CONSTANT SIZE    =   ----    ----
   XDATA SIZE       =   ----    ----
   PDATA SIZE       =   ----    ----
   DATA SIZE        =   ----    ----
   IDATA SIZE       =   ----    ----
   BIT SIZE         =   ----    ----
END OF MODULE INFORMATION.


C51 COMPILATION COMPLETE.  0 WARNING(S),  0 ERROR(S)
