C51 COMPILER V9.60.7.0   TASK_3C                                                           03/07/2024 16:06:21 PAGE 1   


C51 COMPILER V9.60.7.0, COMPILATION OF MODULE TASK_3C
OBJECT MODULE PLACED IN .\Objects\Task 3c.obj
COMPILER INVOKED BY: C:\Keil_v5\C51\BIN\C51.EXE Task 3c.c OPTIMIZE(8,SPEED) BROWSE DEBUG OBJECTEXTEND PRINT(.\Listings\T
                    -ask 3c.lst) TABS(2) OBJECT(.\Objects\Task 3c.obj)

line level    source

   1          #include <reg51.h>
   2          
   3          
   4          #define LED1 P2
   5          #define BIT0 0xFF
   6          #define BIT1 0x02
   7          #define BIT2 0x04
   8          #define BIT3 0x08
   9          #define BIT4 0x10
  10          #define BIT5 0x20
  11          #define BIT6 0x40
  12          #define BIT7 0x80
  13          
  14          void Delay(unsigned int);
  15          
  16          void main(void){
  17   1        while(1)
  18   1        {
  19   2            LED1 = BIT0;
  20   2            Delay(500);
  21   2            LED1 = LED1 & 0xFE;
  22   2            Delay(500);
  23   2            
  24   2        }
  25   1      }
  26          
  27          void Delay(unsigned int ali)
  28          {
  29   1        unsigned int j,k;
  30   1        for(j=0; j<ali; j++)
  31   1          for(k=0; k<114; k++);
  32   1      }


MODULE INFORMATION:   STATIC OVERLAYABLE
   CODE SIZE        =     54    ----
   CONSTANT SIZE    =   ----    ----
   XDATA SIZE       =   ----    ----
   PDATA SIZE       =   ----    ----
   DATA SIZE        =   ----    ----
   IDATA SIZE       =   ----    ----
   BIT SIZE         =   ----    ----
END OF MODULE INFORMATION.


C51 COMPILATION COMPLETE.  0 WARNING(S),  0 ERROR(S)
