C51 COMPILER V9.60.7.0   TASK_14_13__00_                                                   10/07/2024 14:07:37 PAGE 1   


C51 COMPILER V9.60.7.0, COMPILATION OF MODULE TASK_14_13__00_
OBJECT MODULE PLACED IN .\Objects\Task_14_13_(00).obj
COMPILER INVOKED BY: C:\Keil_v5\C51\BIN\C51.EXE Task_14_13_(00).c OPTIMIZE(8,SPEED) BROWSE DEBUG OBJECTEXTEND PRINT(.\Li
                    -stings\Task_14_13_(00).lst) TABS(2) OBJECT(.\Objects\Task_14_13_(00).obj)

line level    source

   1          //FOR FIRST LINE DISPLAY 
   2          
   3          
   4          #include <reg51.h>
   5          
   6          sbit rs = P2^6;
   7          sbit rw = P2^5;
   8          sbit en = P2^7;
   9          
  10          #define text P0
  11          
  12          void delay() {
  13   1          int i, j;
  14   1          for(i = 0; i < 100; i++) {
  15   2              for (j = 0; j < 100; j++);
  16   2          }
  17   1      }
  18          
  19          // Add lcd_delay function prototype
  20          void lcd_delay();
  21          
  22          // Define lcd_delay function
  23          void lcd_delay() {
  24   1          delay();
  25   1      }
  26          
  27          void lcd_cmd(unsigned char a) {
  28   1          text = a;
  29   1          rs = 0;
  30   1          rw = 0;
  31   1          en = 1;
  32   1          lcd_delay();
  33   1          en = 0;
  34   1      }
  35          
  36          void lcd_data(unsigned char b) {
  37   1          text = b;
  38   1          rs = 1;
  39   1          rw = 0;
  40   1          en = 1;
  41   1          lcd_delay();
  42   1          en = 0;
  43   1      }
  44          
  45          void lcd_init() {
  46   1          lcd_cmd(0x01);
  47   1          delay();
  48   1          lcd_cmd(0x38);
  49   1          delay();
  50   1          lcd_cmd(0x0E);
  51   1          delay();
  52   1          lcd_cmd(0x10);
  53   1          delay();
  54   1          lcd_cmd(0x80);
C51 COMPILER V9.60.7.0   TASK_14_13__00_                                                   10/07/2024 14:07:37 PAGE 2   

  55   1          delay();
  56   1      }
  57          
  58          int main() {
  59   1          text = 0x00;
  60   1          lcd_init();
  61   1        
  62   1          lcd_data('E');
  63   1          delay();
  64   1          
  65   1          lcd_data('N');
  66   1          delay();0
  67   1        
  68   1          lcd_data('G');
*** ERROR C141 IN LINE 68 OF Task_14_13_(00).c: syntax error near 'lcd_data', expected ';'
  69   1          delay();
  70   1          
  71   1          lcd_data('R');
  72   1          delay();
  73   1              
  74   1          lcd_data('.');
  75   1          delay();
  76   1        
  77   1          lcd_data('N');
  78   1          delay();
  79   1      
  80   1          lcd_data('A');
  81   1          delay();
  82   1      
  83   1          lcd_data('V');
  84   1          delay();    
  85   1          
  86   1          lcd_data('E');
  87   1          delay();
  88   1          
  89   1          lcd_data('E');
  90   1          delay();   
  91   1      
  92   1          lcd_data('D');
  93   1          delay();
  94   1      
  95   1          lcd_data(' ');
  96   1          delay();
  97   1      
  98   1          lcd_data('K');
  99   1          delay();    
 100   1          
 101   1          lcd_data('H');
 102   1          delay();    
 103   1          
 104   1          lcd_data('A');
 105   1          delay();    
 106   1          
 107   1          lcd_data('N');
 108   1          delay();    
 109   1            
 110   1      
 111   1          
 112   1          // Return statement for main function
 113   1          return 0;        
 114   1      }
 115          
C51 COMPILER V9.60.7.0   TASK_14_13__00_                                                   10/07/2024 14:07:37 PAGE 3   

 116          
 117          

C51 COMPILATION COMPLETE.  0 WARNING(S),  1 ERROR(S)
