C51 COMPILER V9.60.7.0   TASK_12_6                                                         04/26/2024 12:24:42 PAGE 1   


C51 COMPILER V9.60.7.0, COMPILATION OF MODULE TASK_12_6
OBJECT MODULE PLACED IN .\Objects\Task 12_6.obj
COMPILER INVOKED BY: C:\Keil_v5\C51\BIN\C51.EXE Task 12_6.c OPTIMIZE(8,SPEED) BROWSE DEBUG OBJECTEXTEND PRINT(.\Listings
                    -\Task 12_6.lst) TABS(2) OBJECT(.\Objects\Task 12_6.obj)

line level    source

   1          #include <reg52.h>
   2          
   3          #define Port_0 P0
   4          
   5          sbit p1 = P2^2;   // LED 1 connected to P2.2
   6          sbit p2 = P2^3;   // LED 2 connected to P2.3
   7          sbit p3 = P2^4;   // LED 3 connected to P2.4
   8          
   9          void ms_delay(unsigned int delay_time) {
  10   1          unsigned int i, j;
  11   1          for (i = 0; i < delay_time; i++) {
  12   2              for (j = 0; j < 112; j++);   
  13   2          }
  14   1      }
  15          
  16          void main(void) {
  17   1      
  18   1      
  19   1          while (1) {
  20   2               p1 = 0;    // Turn off LED 1
  21   2               p2 = 0;    // Turn off LED 2
  22   2               p3 = 0;    // Turn off LED 3
  23   2             
  24   2              P0 = 0x3F;
  25   2              ms_delay(700);  
  26   2      
  27   2             
  28   2              P0 = 0x06;
  29   2              ms_delay(700);  
  30   2            
  31   2      
  32   2              P0 = 0x5B;
  33   2              ms_delay(700);  
  34   2            
  35   2              P0 = 0x4F;
  36   2              ms_delay(700);  
  37   2            
  38   2      
  39   2              P0 = 0x66;
  40   2              ms_delay(700); 
  41   2              
  42   2              P0 = 0x6D;
  43   2              ms_delay(700);  
  44   2            
  45   2      
  46   2              P0 = 0x7D;
  47   2              ms_delay(700); 
  48   2              
  49   2              P0 = 0x07;
  50   2              ms_delay(700); 
  51   2              
  52   2              P0 = 0x7F;
  53   2              ms_delay(700);  
  54   2            
C51 COMPILER V9.60.7.0   TASK_12_6                                                         04/26/2024 12:24:42 PAGE 2   

  55   2      
  56   2              P0 = 0x6F;
  57   2              ms_delay(700);
  58   2              
  59   2          }
  60   1      }


MODULE INFORMATION:   STATIC OVERLAYABLE
   CODE SIZE        =    104    ----
   CONSTANT SIZE    =   ----    ----
   XDATA SIZE       =   ----    ----
   PDATA SIZE       =   ----    ----
   DATA SIZE        =   ----    ----
   IDATA SIZE       =   ----    ----
   BIT SIZE         =   ----    ----
END OF MODULE INFORMATION.


C51 COMPILATION COMPLETE.  0 WARNING(S),  0 ERROR(S)
