C51 COMPILER V9.60.7.0   TASK_14_13__01_                                                   10/07/2024 14:12:37 PAGE 1   


C51 COMPILER V9.60.7.0, COMPILATION OF MODULE TASK_14_13__01_
OBJECT MODULE PLACED IN .\Objects\Task 14_13_(01).obj
COMPILER INVOKED BY: C:\Keil_v5\C51\BIN\C51.EXE Task 14_13_(01).c OPTIMIZE(8,SPEED) BROWSE DEBUG OBJECTEXTEND PRINT(.\Li
                    -stings\Task 14_13_(01).lst) TABS(2) OBJECT(.\Objects\Task 14_13_(01).obj)

line level    source

   1          #include <stdio.h>
   2          #include <reg51.h>
   3          #include "LCD.h"  //including the header file(LCD.h)
   4          
   5          
   6          int main() {
   7   1          text = 0x00; 
   8   1          lcd_init();  
   9   1      
  10   1          lcd_data('E');
  11   1          delay(); 
  12   1      
  13   1          lcd_data('N');
  14   1          delay(); 
  15   1        
  16   1          lcd_data('G');
  17   1          delay(); 
  18   1        
  19   1          lcd_data('R');
  20   1          delay(); 
  21   1        
  22   1          lcd_data('.');
  23   1          delay(); 
  24   1        
  25   1          lcd_data('N');
  26   1          delay();     
  27   1      
  28   1          lcd_data('A');
  29   1          delay();  
  30   1      
  31   1          lcd_data('V');
  32   1          delay();
  33   1      
  34   1          lcd_data('E');
  35   1          delay();      
  36   1      
  37   1          lcd_data('E');
  38   1          delay();
  39   1      
  40   1          lcd_data('D');
  41   1          delay();    
  42   1         
  43   1          lcd_data(' ');
  44   1          delay();       
  45   1      
  46   1          lcd_data('K');
  47   1          delay();      
  48   1      
  49   1          lcd_data('H');
  50   1          delay();      
  51   1          
  52   1          lcd_data('A');
  53   1          delay();      
  54   1      
C51 COMPILER V9.60.7.0   TASK_14_13__01_                                                   10/07/2024 14:12:37 PAGE 2   

  55   1          lcd_data('N');
  56   1          delay(); 
  57   1       
  58   1          return 0;        
  59   1      }


MODULE INFORMATION:   STATIC OVERLAYABLE
   CODE SIZE        =    138    ----
   CONSTANT SIZE    =   ----    ----
   XDATA SIZE       =   ----    ----
   PDATA SIZE       =   ----    ----
   DATA SIZE        =   ----    ----
   IDATA SIZE       =   ----    ----
   BIT SIZE         =   ----    ----
END OF MODULE INFORMATION.


C51 COMPILATION COMPLETE.  0 WARNING(S),  0 ERROR(S)
