C51 COMPILER V9.60.7.0   TASK_12_4                                                         04/26/2024 10:20:09 PAGE 1   


C51 COMPILER V9.60.7.0, COMPILATION OF MODULE TASK_12_4
OBJECT MODULE PLACED IN .\Objects\Task 12_4.obj
COMPILER INVOKED BY: C:\Keil_v5\C51\BIN\C51.EXE Task 12_4.c OPTIMIZE(8,SPEED) BROWSE DEBUG OBJECTEXTEND PRINT(.\Listings
                    -\Task 12_4.lst) TABS(2) OBJECT(.\Objects\Task 12_4.obj)

line level    source

   1          #include <reg52.h>
   2          
   3          //#define LED P0
   4          
   5          sbit p1 = P2^2;   // LED 1 connected to P2.2
   6          sbit p2 = P2^3;   // LED 2 connected to P2.3
   7          sbit p3 = P2^4;   // LED 3 connected to P2.4
   8          
   9          int count_10 = 0;
  10          
  11          void timer0(void) interrupt 1
  12          {
  13   1          count_10++;  
  14   1          
  15   1          if (count_10 == 205)
  16   1          {
  17   2              p1 = 0;      
  18   2              p2 = 0;      
  19   2              p3 = 0;     
  20   2            P0 = 0xFF;
  21   2          }
  22   1              
  23   1          if (count_10 ==410)
  24   1          { 
  25   2              p1 = 1;    
  26   2              p2 = 0;
  27   2              p3 = 0;
  28   2             P0 = 0xFF;
  29   2          }
  30   1          
  31   1          if (count_10 == 615)
  32   1          {
  33   2              p1 = 0;    
  34   2              p2 = 1;
  35   2              p3 = 0;
  36   2              P0 = 0xFF;
  37   2          }
  38   1      
  39   1          if (count_10 == 820)
  40   1          {
  41   2              p1 = 1;    
  42   2              p2 = 1;
  43   2              p3 = 0;
  44   2            P0 = 0xFF;
  45   2          }
  46   1      
  47   1          if (count_10 == 1025)
  48   1          {
  49   2              p1 = 0;    
  50   2              p2 = 0;
  51   2              p3 = 1;            
  52   2            P0 = 0xFF;
  53   2          }
  54   1      
C51 COMPILER V9.60.7.0   TASK_12_4                                                         04/26/2024 10:20:09 PAGE 2   

  55   1          if (count_10 == 1230)
  56   1          {
  57   2              p1 = 1;    
  58   2              p2 = 0;
  59   2              p3 = 1;    
  60   2              P0 = 0xFF;
  61   2          }
  62   1          
  63   1          if (count_10 == 1440)
  64   1          {
  65   2              p1 = 0;    
  66   2              p2 = 1;
  67   2              p3 = 1;    
  68   2              P0 = 0xFF;
  69   2          }
  70   1          
  71   1          if (count_10 == 1645)
  72   1          {
  73   2              p1 = 1;    
  74   2              p2 = 1;
  75   2              p3 = 1;
  76   2            P0 = 0xFF;
  77   2              count_10 = 0;
  78   2          } 
  79   1      }
  80          
  81          void main(void)
  82          {
  83   1          TMOD = 0x02;    // Timer 0, mode 2
  84   1          TH0 = 0xF7;     // Initialize Timer 0 for 10 ms delay
  85   1          IE = 0x82;      // Enable Timer 0 interrupt
  86   1          TR0 = 1;        // Start Timer 
  87   1          
  88   1          while (1)
  89   1          {
  90   2             // You can add other operations here if needed
  91   2          }
  92   1      }


MODULE INFORMATION:   STATIC OVERLAYABLE
   CODE SIZE        =    184    ----
   CONSTANT SIZE    =   ----    ----
   XDATA SIZE       =   ----    ----
   PDATA SIZE       =   ----    ----
   DATA SIZE        =      2    ----
   IDATA SIZE       =   ----    ----
   BIT SIZE         =   ----    ----
END OF MODULE INFORMATION.


C51 COMPILATION COMPLETE.  0 WARNING(S),  0 ERROR(S)
