C51 COMPILER V9.60.7.0   TASK_10A                                                          03/28/2024 14:06:42 PAGE 1   


C51 COMPILER V9.60.7.0, COMPILATION OF MODULE TASK_10A
OBJECT MODULE PLACED IN .\Objects\Task 10a.obj
COMPILER INVOKED BY: C:\Keil_v5\C51\BIN\C51.EXE Task 10a.c OPTIMIZE(8,SPEED) BROWSE DEBUG OBJECTEXTEND PRINT(.\Listings\
                    -Task 10a.lst) TABS(2) OBJECT(.\Objects\Task 10a.obj)

line level    source

   1          #include <reg52.h>
   2          
   3          sbit led_1 = P2^0; // D1
   4          sbit led_2 = P2^1; // D2
   5          sbit led_3 = P2^2; // D2
   6          
   7          void Timer_0() interrupt 1 {
   8   1          unsigned int x , y , z;
   9   1          x++;
  10   1          y++;
  11   1          z++;
  12   1          // For D1 (led_1) 10ms
  13   1          if (x == 36) {
  14   2              led_1 = ~led_1; // Toggle LED 1
  15   2              x = 0;
  16   2          }
  17   1      
  18   1          // For D2 (led_2) 100ms
  19   1          if (y == 360) {
  20   2              led_2 = ~led_2; // Toggle LED 2
  21   2              y = 0;
  22   2          }
  23   1          
  24   1          // For D3 (led_3) 1000ms
  25   1          if (z == 3600) {
  26   2              led_3 = ~led_3; // Toggle LED 2
  27   2              z = 0;
  28   2      }
  29   1          
  30   1      }
  31          void main() {
  32   1          IE = 0x82;      // Enable Timer 0 interrupt (0x82 = 1000 0010)
  33   1          TMOD = 0x02;    // Set Timer 0 mode to 8-bit auto reload
  34   1          TH0 = 0;      // Set initial value for Timer 0 high byte
  35   1          TR0 = 1;        // Start Timer 0
  36   1          while(1)
  37   1          {
  38   2          
  39   2          }
  40   1      }
  41          


MODULE INFORMATION:   STATIC OVERLAYABLE
   CODE SIZE        =     96    ----
   CONSTANT SIZE    =   ----    ----
   XDATA SIZE       =   ----    ----
   PDATA SIZE       =   ----    ----
   DATA SIZE        =   ----       6
   IDATA SIZE       =   ----    ----
   BIT SIZE         =   ----    ----
END OF MODULE INFORMATION.


C51 COMPILATION COMPLETE.  0 WARNING(S),  0 ERROR(S)
