C51 COMPILER V9.60.7.0   TASK_11                                                           04/01/2024 11:07:17 PAGE 1   


C51 COMPILER V9.60.7.0, COMPILATION OF MODULE TASK_11
OBJECT MODULE PLACED IN .\Objects\Task 11.obj
COMPILER INVOKED BY: C:\Keil_v5\C51\BIN\C51.EXE Task 11.c OPTIMIZE(8,SPEED) BROWSE DEBUG OBJECTEXTEND PRINT(.\Listings\T
                    -ask 11.lst) TABS(2) OBJECT(.\Objects\Task 11.obj)

line level    source

   1          #include <reg51.h>
   2          
   3          sbit K1 = P3^1;  // Define button K1 connected to P1.0
   4          sbit LED = P2^0;  // Define LED connected to P1.1
   5          
   6          bit k1_btn_state = 0;
   7          unsigned char k1_press_cntr = 0;
   8          unsigned char k1_release_cntr = 0;
   9          
  10          void timer0_isr() interrupt 1 {
  11   1         TH0 = 0xEE;  // Reload timer for 10 ms interrupt
  12   1         TL0 = 0x00;
  13   1      
  14   1         if (k1_btn_state == 0) {
  15   2             if (K1 == 0) {  // Button pressed
  16   3                 k1_press_cntr++;
  17   3                 if (k1_press_cntr == 100) {
  18   4                     LED = ~LED;  // Toggle LED
  19   4                     k1_btn_state = 1;  // Change state to detect release
  20   4                 }
  21   3             } else {
  22   3                 k1_press_cntr = 0;
  23   3             }
  24   2         } else {
  25   2             if (K1 == 1) {  // Button released
  26   3                 k1_release_cntr++;
  27   3                 if (k1_release_cntr == 100) {
  28   4                     k1_btn_state = 0;  // Allow for next press detection
  29   4                 }
  30   3             } else {
  31   3                 k1_release_cntr = 0;
  32   3             }
  33   2         }
  34   1      }
  35          
  36          void main() {
  37   1         TMOD = 0x01;  // Set timer 0 to mode 1 (16-bit)
  38   1         TH0 = 0xEE;   // Initialize timer for 10 ms interrupt
  39   1         TL0 = 0x00;
  40   1         TR0 = 1;      // Start timer 0
  41   1         ET0 = 1;      // Enable timer 0 interrupt
  42   1         EA = 1;       // Enable global interrupts
  43   1      
  44   1         while (1) {
  45   2             // Other tasks here
  46   2         }
  47   1      }


MODULE INFORMATION:   STATIC OVERLAYABLE
   CODE SIZE        =     74    ----
   CONSTANT SIZE    =   ----    ----
   XDATA SIZE       =   ----    ----
   PDATA SIZE       =   ----    ----
C51 COMPILER V9.60.7.0   TASK_11                                                           04/01/2024 11:07:17 PAGE 2   

   DATA SIZE        =      2    ----
   IDATA SIZE       =   ----    ----
   BIT SIZE         =      1    ----
END OF MODULE INFORMATION.


C51 COMPILATION COMPLETE.  0 WARNING(S),  0 ERROR(S)
