C51 COMPILER V9.60.7.0   LCD                                                               10/07/2024 14:14:43 PAGE 1   


C51 COMPILER V9.60.7.0, COMPILATION OF MODULE LCD
OBJECT MODULE PLACED IN .\Objects\LCD.obj
COMPILER INVOKED BY: C:\Keil_v5\C51\BIN\C51.EXE LCD.c OPTIMIZE(8,SPEED) BROWSE DEBUG OBJECTEXTEND PRINT(.\Listings\LCD.l
                    -st) TABS(2) OBJECT(.\Objects\LCD.obj)

line level    source

   1          #include "LCD.h"
   2          
   3          // Function to initialize the LCD
   4          void lcd_init() {
   5   1          cmd(0x38); // Initialize the LCD in 8-bit mode, 2 lines, 5x7 matrix
   6   1          cmd(0x0e); // Display ON, cursor ON
   7   1          cmd(0x01); // Clear display screen
   8   1          cmd(0x06); // Entry mode, auto increment with no shift
   9   1          cmd(0x0c); // Display ON, cursor OFF
  10   1          cmd(0x80); // Set cursor position to the beginning of the first line
  11   1      }
  12          
  13          // Function to send a command to the LCD
  14          void cmd(unsigned char a) {
  15   1          lcd_data = a; // Send command to data port
  16   1          rs = 0;       // Select command register
  17   1          rw = 0;       // Write operation
  18   1          en = 1;       // Generate enable pulse
  19   1          lcd_delay();  // Wait for the command to be processed
  20   1          en = 0;       // End enable pulse
  21   1      }
  22          
  23          // Function to send data to the LCD
  24          void dat(unsigned char b) {
  25   1          lcd_data = b; // Send data to data port
  26   1          rs = 1;       // Select data register
  27   1          rw = 0;       // Write operation
  28   1          en = 1;       // Generate enable pulse
  29   1          lcd_delay();  // Wait for the data to be processed
  30   1          en = 0;       // End enable pulse
  31   1      }
  32          
  33          // Function to display a string on the LCD
  34          void show(unsigned char *s) {
  35   1          while(*s) {   // Loop until the end of the string
  36   2              dat(*s++); // Send each character to the LCD
  37   2          }
  38   1      }
  39          
  40          // Delay function for LCD timing
  41          void lcd_delay() {
  42   1          unsigned int lcd_delay;
  43   1          for(lcd_delay = 0; lcd_delay <= 6000; lcd_delay++); // Simple delay loop
  44   1      }
  45           


MODULE INFORMATION:   STATIC OVERLAYABLE
   CODE SIZE        =    110    ----
   CONSTANT SIZE    =   ----    ----
   XDATA SIZE       =   ----    ----
   PDATA SIZE       =   ----    ----
   DATA SIZE        =   ----       3
   IDATA SIZE       =   ----    ----
C51 COMPILER V9.60.7.0   LCD                                                               10/07/2024 14:14:43 PAGE 2   

   BIT SIZE         =   ----    ----
END OF MODULE INFORMATION.


C51 COMPILATION COMPLETE.  0 WARNING(S),  0 ERROR(S)
