C51 COMPILER V9.60.7.0   TASK_12_8                                                         05/06/2024 15:01:07 PAGE 1   


C51 COMPILER V9.60.7.0, COMPILATION OF MODULE TASK_12_8
OBJECT MODULE PLACED IN .\Objects\Task 12_8.obj
COMPILER INVOKED BY: C:\Keil_v5\C51\BIN\C51.EXE Task 12_8.c OPTIMIZE(8,SPEED) BROWSE DEBUG OBJECTEXTEND PRINT(.\Listings
                    -\Task 12_8.lst) TABS(2) OBJECT(.\Objects\Task 12_8.obj)

line level    source

   1          #include <reg52.h>
   2          
   3          sbit p1 = P2^2;   // LED 1 connected to P2.2
   4          sbit p2 = P2^3;   // LED 2 connected to P2.3
   5          sbit p3 = P2^4;   // LED 3 connected to P2.4
   6          
   7          //unsigned long num =  42354245;  //part A
   8          unsigned long num = 97561654;      //part B
   9          
  10           
  11          void delay(void) {
  12   1          unsigned int x;
  13   1          for (x = 0; x < 10; x++) {  // Adjust loop count for desired delay
  14   2              TMOD = 0x01;  // Timer 0, Mode 1 (16-bit timer)
  15   2              TL0 = 0x00;
  16   2              TH0 = 0x00;
  17   2              TR0 = 1;  // Start Timer 0
  18   2              while (TF0 == 0); // Wait until timer overflow flag is set
  19   2              TF0 = 0; // Clear the overflow flag
  20   2              TR0 = 0; // Stop the timer
  21   2          }
  22   1      }
  23          
  24          void display(unsigned long num, int i) {
  25   1          int array[8];  // Define array within the display function
  26   1          int j = 0;
  27   1          
  28   1          // Extract digits from num and store in array
  29   1          while (num > 0) {
  30   2              array[j] = num % 10;
  31   2              num = num / 10;
  32   2              j++;
  33   2          }
  34   1          
  35   1          // Display the digit based on the index i
  36   1          if (array[i] == 0) 
  37   1              P0 = 0x3F; 
  38   1          else if (array[i] == 1) 
  39   1              P0 = 0x06;  
  40   1          else if (array[i] == 2) 
  41   1              P0 = 0x5B; 
  42   1          else if (array[i] == 3) 
  43   1              P0 = 0x4F; 
  44   1          else if (array[i] == 4) 
  45   1              P0 = 0x66; 
  46   1          else if (array[i] == 5) 
  47   1              P0 = 0x6D; 
  48   1          else if (array[i] == 6) 
  49   1              P0 = 0x7D; 
  50   1          else if (array[i] == 7) 
  51   1              P0 = 0x07; 
  52   1          else if (array[i] == 8) 
  53   1              P0 = 0x7F; 
  54   1          else if (array[i] == 9) 
C51 COMPILER V9.60.7.0   TASK_12_8                                                         05/06/2024 15:01:07 PAGE 2   

  55   1              P0 = 0x6F; 
  56   1      }
  57          
  58          void main(void) {
  59   1          while (1) {
  60   2              p1 = 1;
  61   2              p2 = 1;
  62   2              p3 = 1;
  63   2              display(num, 7);  // Display digit at index 0
  64   2              delay();
  65   2      
  66   2              p1 = 0;
  67   2              p2 = 1;
  68   2              p3 = 1;
  69   2              display(num, 6);  // Display digit at index 1
  70   2              delay();
  71   2              
  72   2              p1 = 1;
  73   2              p2 = 0;
  74   2              p3 = 1;
  75   2              display(num, 5);  // Display digit at index 2
  76   2              delay();
  77   2      
  78   2              p1 = 0;
  79   2              p2 = 0;
  80   2              p3 = 1;
  81   2              display(num, 4);  // Display digit at index 3
  82   2              delay();
  83   2              
  84   2              p1 = 1;
  85   2              p2 = 1;
  86   2              p3 = 0;
  87   2              display(num, 3);  // Display digit at index 4
  88   2              delay();
  89   2      
  90   2              p1 = 0;
  91   2              p2 = 1;
  92   2              p3 = 0;
  93   2              display(num, 2);  // Display digit at index 5
  94   2              delay();
  95   2              
  96   2              p1 = 1;
  97   2              p2 = 0;
  98   2              p3 = 0;
  99   2              display(num, 1);  // Display digit at index 6
 100   2              delay();
 101   2      
 102   2              p1 = 0;
 103   2              p2 = 0;
 104   2              p3 = 0;
 105   2              display(num, 0);  // Display digit at index 7
 106   2              delay();
 107   2          }
 108   1      }


MODULE INFORMATION:   STATIC OVERLAYABLE
   CODE SIZE        =    451    ----
   CONSTANT SIZE    =   ----    ----
   XDATA SIZE       =   ----    ----
   PDATA SIZE       =   ----    ----
   DATA SIZE        =      4      24
C51 COMPILER V9.60.7.0   TASK_12_8                                                         05/06/2024 15:01:07 PAGE 3   

   IDATA SIZE       =   ----    ----
   BIT SIZE         =   ----    ----
END OF MODULE INFORMATION.


C51 COMPILATION COMPLETE.  0 WARNING(S),  0 ERROR(S)
