C51 COMPILER V9.60.7.0   TASK_2                                                            10/07/2024 11:32:24 PAGE 1   


C51 COMPILER V9.60.7.0, COMPILATION OF MODULE TASK_2
OBJECT MODULE PLACED IN .\Objects\Task 2.obj
COMPILER INVOKED BY: C:\Keil_v5\C51\BIN\C51.EXE Task 2.c OPTIMIZE(8,SPEED) BROWSE DEBUG OBJECTEXTEND PRINT(.\Listings\Ta
                    -sk 2.lst) TABS(2) OBJECT(.\Objects\Task 2.obj)

line level    source

   1          #include <reg51.h>
   2          #define Led P2
   3          void main(void)
   4            {
   5   1          unsigned int x;
   6   1          for(;;)
   7   1            {
   8   2              Led = ~0x01;
   9   2              for(x=0; x<800; x++);
  10   2      
  11   2              Led = ~0x00;
  12   2              for(x=0; x<800; x++);       
  13   2            
  14   2            }
  15   1        }


MODULE INFORMATION:   STATIC OVERLAYABLE
   CODE SIZE        =     39    ----
   CONSTANT SIZE    =   ----    ----
   XDATA SIZE       =   ----    ----
   PDATA SIZE       =   ----    ----
   DATA SIZE        =   ----    ----
   IDATA SIZE       =   ----    ----
   BIT SIZE         =   ----    ----
END OF MODULE INFORMATION.


C51 COMPILATION COMPLETE.  0 WARNING(S),  0 ERROR(S)
