C51 COMPILER V9.60.7.0   TASK_3                                                            03/07/2024 14:10:07 PAGE 1   


C51 COMPILER V9.60.7.0, COMPILATION OF MODULE TASK_3
OBJECT MODULE PLACED IN .\Objects\Task 3.obj
COMPILER INVOKED BY: C:\Keil_v5\C51\BIN\C51.EXE Task 3.c OPTIMIZE(8,SPEED) BROWSE DEBUG OBJECTEXTEND PRINT(.\Listings\Ta
                    -sk 3.lst) TABS(2) OBJECT(.\Objects\Task 3.obj)

line level    source

   1          #include <reg51.h>
   2          
   3          
   4          #define LED1 P2
   5          
   6          void Delay(unsigned int);
   7          
   8          void main(void){
   9   1        while(1)
  10   1        {
  11   2            LED1 = 0xFE;
  12   2            Delay(500);
  13   2            LED1 = LED1 | 0xEF;
  14   2            Delay(500);
  15   2            
  16   2        }
  17   1      }
  18          
  19          void Delay(unsigned int ali)
  20          {
  21   1        unsigned int j,k;
  22   1        for(j=0; j<ali; j++)
  23   1          for(k=0; k<114; k++);
  24   1      }


MODULE INFORMATION:   STATIC OVERLAYABLE
   CODE SIZE        =     54    ----
   CONSTANT SIZE    =   ----    ----
   XDATA SIZE       =   ----    ----
   PDATA SIZE       =   ----    ----
   DATA SIZE        =   ----    ----
   IDATA SIZE       =   ----    ----
   BIT SIZE         =   ----    ----
END OF MODULE INFORMATION.


C51 COMPILATION COMPLETE.  0 WARNING(S),  0 ERROR(S)
